Starting to sync uv
Using CPython 3.9.21 interpreter at: /usr/bin/python3.9
Removed virtual environment at: .venv
Creating virtual environment at: .venv
Resolved 142 packages in 63ms
Installed 92 packages in 5.81s
 + aenum==3.1.16
 + annotated-doc==0.0.4
 + anyio==4.12.1
 + certifi==2026.2.25
 + charset-normalizer==3.4.6
 + click==8.1.8
 + contourpy==1.3.0
 + coverage==7.10.7
 + crypticbio==0.1.0 (from file:///zfsstore/user/s2800020/CrypticBio)
 + cycler==0.12.1
 + dataclasses-json==0.6.7
 + duckdb==1.4.4
 + exceptiongroup==1.3.1
 + filelock==3.19.1
 + fonttools==4.60.2
 + fsspec==2025.10.0
 + geographiclib==2.1
 + geopy==2.4.1
 + h11==0.16.0
 + hf-xet==1.4.2
 + httpcore==1.0.9
 + httpx==0.28.1
 + huggingface-hub==1.7.1
 + idna==3.11
 + importlib-metadata==8.7.1
 + importlib-resources==6.5.2
 + iniconfig==2.1.0
 + jinja2==3.1.6
 + kiwisolver==1.4.7
 + markdown-it-py==3.0.0
 + markupsafe==3.0.3
 + marshmallow==3.26.2
 + matplotlib==3.9.4
 + mdurl==0.1.2
 + mpmath==1.3.0
 + mypy-extensions==1.1.0
 + networkx==3.2.1
 + numpy==2.0.2
 + nvidia-cublas-cu12==12.8.4.1
 + nvidia-cuda-cupti-cu12==12.8.90
 + nvidia-cuda-nvrtc-cu12==12.8.93
 + nvidia-cuda-runtime-cu12==12.8.90
 + nvidia-cudnn-cu12==9.10.2.21
 + nvidia-cufft-cu12==11.3.3.83
 + nvidia-cufile-cu12==1.13.1.3
 + nvidia-curand-cu12==10.3.9.90
 + nvidia-cusolver-cu12==11.7.3.90
 + nvidia-cusparse-cu12==12.5.8.93
 + nvidia-cusparselt-cu12==0.7.1
 + nvidia-nccl-cu12==2.27.3
 + nvidia-nvjitlink-cu12==12.8.93
 + nvidia-nvtx-cu12==12.8.90
 + oauthlib==3.3.1
 + packaging==26.0
 + pandas==2.3.3
 + pathlib==1.0.1
 + pillow==11.3.0
 + pluggy==1.6.0
 + pygments==2.19.2
 + pyparsing==3.3.2
 + pyproj==3.6.1
 + pytest==8.4.2
 + pytest-cov==7.0.0
 + python-dateutil==2.9.0.post0
 + python-dotenv==1.2.1
 + pytz==2026.1.post1
 + pyyaml==6.0.3
 + requests==2.32.5
 + requests-oauthlib==2.0.0
 + rich==14.3.3
 + ruff==0.15.6
 + scipy==1.13.1
 + sentinelhub==3.11.5
 + setuptools==81.0.0
 + shapely==2.0.7
 + shellingham==1.5.4
 + six==1.17.0
 + sympy==1.14.0
 + tifffile==2024.8.30
 + tomli==2.4.0
 + tomli-w==1.2.0
 + torch==2.8.0
 + torchvision==0.23.0
 + tqdm==4.67.3
 + triton==3.4.0
 + typer==0.23.2
 + typing-extensions==4.15.0
 + typing-inspect==0.9.0
 + tzdata==2025.3
 + urllib3==2.6.3
 + utm==0.8.1
 + zipp==3.23.0
Synced uv
Starting to run the model
start
test
before dataset
after dataset
Downloading: "https://download.pytorch.org/models/resnet18-f37072fd.pth" to /home/s2800020/.cache/torch/hub/checkpoints/resnet18-f37072fd.pth
  0%|          | 0.00/44.7M [00:00<?, ?B/s] 45%|████▍     | 20.0M/44.7M [00:00<00:00, 209MB/s] 95%|█████████▍| 42.4M/44.7M [00:00<00:00, 224MB/s]100%|██████████| 44.7M/44.7M [00:00<00:00, 219MB/s]
dataset size: 70555
starting training loop
Traceback (most recent call last):
  File "/zfsstore/user/s2800020/CrypticBio/src/train.py", line 62, in <module>
    for cb, sh, labels in loader:
  File "/zfsstore/user/s2800020/CrypticBio/.venv/lib64/python3.9/site-packages/torch/utils/data/dataloader.py", line 734, in __next__
    data = self._next_data()
  File "/zfsstore/user/s2800020/CrypticBio/.venv/lib64/python3.9/site-packages/torch/utils/data/dataloader.py", line 790, in _next_data
    data = self._dataset_fetcher.fetch(index)  # may raise StopIteration
  File "/zfsstore/user/s2800020/CrypticBio/.venv/lib64/python3.9/site-packages/torch/utils/data/_utils/fetch.py", line 55, in fetch
    return self.collate_fn(data)
  File "/zfsstore/user/s2800020/CrypticBio/.venv/lib64/python3.9/site-packages/torch/utils/data/_utils/collate.py", line 398, in default_collate
    return collate(batch, collate_fn_map=default_collate_fn_map)
  File "/zfsstore/user/s2800020/CrypticBio/.venv/lib64/python3.9/site-packages/torch/utils/data/_utils/collate.py", line 211, in collate
    return [
  File "/zfsstore/user/s2800020/CrypticBio/.venv/lib64/python3.9/site-packages/torch/utils/data/_utils/collate.py", line 212, in <listcomp>
    collate(samples, collate_fn_map=collate_fn_map)
  File "/zfsstore/user/s2800020/CrypticBio/.venv/lib64/python3.9/site-packages/torch/utils/data/_utils/collate.py", line 155, in collate
    return collate_fn_map[elem_type](batch, collate_fn_map=collate_fn_map)
  File "/zfsstore/user/s2800020/CrypticBio/.venv/lib64/python3.9/site-packages/torch/utils/data/_utils/collate.py", line 272, in collate_tensor_fn
    return torch.stack(batch, 0, out=out)
RuntimeError: stack expects each tensor to be equal size, but got [3, 1536, 2048] at entry 0 and [3, 1542, 2048] at entry 1
Succesfully ran the model
